Started GET "/" for ::1 at 2022-03-09 14:41:46 -0300
  [1m[35m (5.0ms)[0m  [1m[34mSELECT sqlite_version(*)[0m
Processing by Rails::WelcomeController#index as HTML
  Rendering /home/eduardo/.rbenv/versions/3.1.0/lib/ruby/gems/3.1.0/gems/railties-7.0.2.3/lib/rails/templates/rails/welcome/index.html.erb
  Rendered /home/eduardo/.rbenv/versions/3.1.0/lib/ruby/gems/3.1.0/gems/railties-7.0.2.3/lib/rails/templates/rails/welcome/index.html.erb (Duration: 2.8ms | Allocations: 913)
Completed 200 OK in 28ms (Views: 10.0ms | ActiveRecord: 0.0ms | Allocations: 7964)


Started GET "/" for ::1 at 2022-03-09 14:41:54 -0300
Processing by Rails::WelcomeController#index as HTML
  Rendering /home/eduardo/.rbenv/versions/3.1.0/lib/ruby/gems/3.1.0/gems/railties-7.0.2.3/lib/rails/templates/rails/welcome/index.html.erb
  Rendered /home/eduardo/.rbenv/versions/3.1.0/lib/ruby/gems/3.1.0/gems/railties-7.0.2.3/lib/rails/templates/rails/welcome/index.html.erb (Duration: 1.4ms | Allocations: 516)
Completed 200 OK in 5ms (Views: 3.6ms | ActiveRecord: 0.0ms | Allocations: 1550)


Started GET "/articles" for ::1 at 2022-03-10 11:33:57 -0300
  [1m[35m (3.7ms)[0m  [1m[34mSELECT sqlite_version(*)[0m
Processing by ArticlesController#index as HTML
  Rendering layout layouts/application.html.erb
  Rendering articles/index.html.erb within layouts/application
  Rendered articles/index.html.erb within layouts/application (Duration: 2.5ms | Allocations: 456)
  Rendered layout layouts/application.html.erb (Duration: 604.2ms | Allocations: 89276)
Completed 200 OK in 646ms (Views: 616.4ms | ActiveRecord: 0.0ms | Allocations: 95292)


Started GET "/" for ::1 at 2022-03-10 11:34:55 -0300
Processing by ArticlesController#index as HTML
  Rendering layout layouts/application.html.erb
  Rendering articles/index.html.erb within layouts/application
  Rendered articles/index.html.erb within layouts/application (Duration: 0.1ms | Allocations: 26)
  Rendered layout layouts/application.html.erb (Duration: 35.7ms | Allocations: 13700)
Completed 200 OK in 39ms (Views: 37.9ms | Allocations: 14655)


  [1m[35m (0.9ms)[0m  [1m[34mSELECT sqlite_version(*)[0m
  [1m[35m (79.8ms)[0m  [1m[35mCREATE TABLE "schema_migrations" ("version" varchar NOT NULL PRIMARY KEY)[0m
  [1m[35m (10.7ms)[0m  [1m[35mCREATE TABLE "ar_internal_metadata" ("key" varchar NOT NULL PRIMARY KEY, "value" varchar, "created_at" datetime(6) NOT NULL, "updated_at" datetime(6) NOT NULL)[0m
  [1m[36mActiveRecord::SchemaMigration Pluck (0.2ms)[0m  [1m[34mSELECT "schema_migrations"."version" FROM "schema_migrations" ORDER BY "schema_migrations"."version" ASC[0m
Migrating to CreateArticles (20220310143720)
  [1m[36mTRANSACTION (0.1ms)[0m  [1m[36mbegin transaction[0m
  [1m[35m (0.5ms)[0m  [1m[35mCREATE TABLE "articles" ("id" integer PRIMARY KEY AUTOINCREMENT NOT NULL, "title" varchar, "body" text, "created_at" datetime(6) NOT NULL, "updated_at" datetime(6) NOT NULL)[0m
  [1m[36mActiveRecord::SchemaMigration Create (0.4ms)[0m  [1m[32mINSERT INTO "schema_migrations" ("version") VALUES (?)[0m  [["version", "20220310143720"]]
  [1m[36mTRANSACTION (12.9ms)[0m  [1m[36mcommit transaction[0m
  [1m[36mActiveRecord::InternalMetadata Load (0.2ms)[0m  [1m[34mSELECT "ar_internal_metadata".* FROM "ar_internal_metadata" WHERE "ar_internal_metadata"."key" = ? LIMIT ?[0m  [["key", "environment"], ["LIMIT", 1]]
  [1m[36mTRANSACTION (0.1ms)[0m  [1m[36mbegin transaction[0m
  [1m[36mActiveRecord::InternalMetadata Create (0.5ms)[0m  [1m[32mINSERT INTO "ar_internal_metadata" ("key", "value", "created_at", "updated_at") VALUES (?, ?, ?, ?)[0m  [["key", "environment"], ["value", "development"], ["created_at", "2022-03-10 14:40:31.865155"], ["updated_at", "2022-03-10 14:40:31.865155"]]
  [1m[36mTRANSACTION (7.8ms)[0m  [1m[36mcommit transaction[0m
  [1m[35m (0.1ms)[0m  [1m[34mSELECT sqlite_version(*)[0m
  [1m[36mActiveRecord::SchemaMigration Pluck (0.1ms)[0m  [1m[34mSELECT "schema_migrations"."version" FROM "schema_migrations" ORDER BY "schema_migrations"."version" ASC[0m
  [1m[35m (0.9ms)[0m  [1m[34mSELECT sqlite_version(*)[0m
  [1m[36mTRANSACTION (0.1ms)[0m  [1m[36mbegin transaction[0m
  [1m[36mArticle Create (0.3ms)[0m  [1m[32mINSERT INTO "articles" ("title", "body", "created_at", "updated_at") VALUES (?, ?, ?, ?)[0m  [["title", "Hello Rails"], ["body", "I am on Rails!"], ["created_at", "2022-03-10 14:41:56.413503"], ["updated_at", "2022-03-10 14:41:56.413503"]]
  [1m[36mTRANSACTION (60.1ms)[0m  [1m[36mcommit transaction[0m
  [1m[36mArticle Load (0.3ms)[0m  [1m[34mSELECT "articles".* FROM "articles" WHERE "articles"."id" = ? LIMIT ?[0m  [["id", 1], ["LIMIT", 1]]
Started GET "/" for ::1 at 2022-03-10 11:47:07 -0300
  [1m[35m (8.9ms)[0m  [1m[34mSELECT sqlite_version(*)[0m
  [1m[36mActiveRecord::SchemaMigration Pluck (0.2ms)[0m  [1m[34mSELECT "schema_migrations"."version" FROM "schema_migrations" ORDER BY "schema_migrations"."version" ASC[0m
Processing by ArticlesController#index as HTML
  Rendering layout layouts/application.html.erb
  Rendering articles/index.html.erb within layouts/application
  [1m[36mArticle Load (0.2ms)[0m  [1m[34mSELECT "articles".* FROM "articles"[0m
  ↳ app/views/articles/index.html.erb:4
  Rendered articles/index.html.erb within layouts/application (Duration: 18.7ms | Allocations: 7528)
  Rendered layout layouts/application.html.erb (Duration: 176.3ms | Allocations: 42159)
Completed 200 OK in 197ms (Views: 181.8ms | ActiveRecord: 1.2ms | Allocations: 48926)


Started GET "/" for ::1 at 2022-03-10 11:50:58 -0300
Processing by ArticlesController#index as HTML
  Rendering layout layouts/application.html.erb
  Rendering articles/index.html.erb within layouts/application
  [1m[35m (0.1ms)[0m  [1m[34mSELECT sqlite_version(*)[0m
  ↳ app/views/articles/index.html.erb:4
  [1m[36mArticle Load (0.1ms)[0m  [1m[34mSELECT "articles".* FROM "articles"[0m
  ↳ app/views/articles/index.html.erb:4
  Rendered articles/index.html.erb within layouts/application (Duration: 12.2ms | Allocations: 3095)
  Rendered layout layouts/application.html.erb (Duration: 39.1ms | Allocations: 17042)
Completed 200 OK in 45ms (Views: 41.5ms | ActiveRecord: 1.5ms | Allocations: 18995)


Started GET "/articles/1" for ::1 at 2022-03-10 11:51:13 -0300
Processing by ArticlesController#show as HTML
  Parameters: {"id"=>"1"}
  [1m[36mArticle Load (0.3ms)[0m  [1m[34mSELECT "articles".* FROM "articles" WHERE "articles"."id" = ? LIMIT ?[0m  [["id", 1], ["LIMIT", 1]]
  ↳ app/controllers/articles_controller.rb:7:in `show'
  Rendering layout layouts/application.html.erb
  Rendering articles/show.html.erb within layouts/application
  Rendered articles/show.html.erb within layouts/application (Duration: 0.8ms | Allocations: 268)
  Rendered layout layouts/application.html.erb (Duration: 5.9ms | Allocations: 2647)
Completed 200 OK in 14ms (Views: 6.7ms | ActiveRecord: 0.3ms | Allocations: 5578)


Started GET "/" for ::1 at 2022-03-10 11:52:14 -0300
Processing by ArticlesController#index as HTML
  Rendering layout layouts/application.html.erb
  Rendering articles/index.html.erb within layouts/application
  [1m[36mArticle Load (0.2ms)[0m  [1m[34mSELECT "articles".* FROM "articles"[0m
  ↳ app/views/articles/index.html.erb:4
  Rendered articles/index.html.erb within layouts/application (Duration: 4.8ms | Allocations: 1011)
  Rendered layout layouts/application.html.erb (Duration: 11.7ms | Allocations: 3786)
Completed 200 OK in 16ms (Views: 14.5ms | ActiveRecord: 0.2ms | Allocations: 4944)


Started GET "/articles/1" for ::1 at 2022-03-10 11:52:16 -0300
Processing by ArticlesController#show as HTML
  Parameters: {"id"=>"1"}
  [1m[36mArticle Load (0.1ms)[0m  [1m[34mSELECT "articles".* FROM "articles" WHERE "articles"."id" = ? LIMIT ?[0m  [["id", 1], ["LIMIT", 1]]
  ↳ app/controllers/articles_controller.rb:7:in `show'
  Rendering layout layouts/application.html.erb
  Rendering articles/show.html.erb within layouts/application
  Rendered articles/show.html.erb within layouts/application (Duration: 0.7ms | Allocations: 225)
  Rendered layout layouts/application.html.erb (Duration: 5.7ms | Allocations: 2421)
Completed 200 OK in 22ms (Views: 9.8ms | ActiveRecord: 0.1ms | Allocations: 3273)


Started GET "/" for ::1 at 2022-03-10 14:31:00 -0300
Processing by ArticlesController#index as HTML
  Rendering layout layouts/application.html.erb
  Rendering articles/index.html.erb within layouts/application
  [1m[35m (0.2ms)[0m  [1m[34mSELECT sqlite_version(*)[0m
  ↳ app/views/articles/index.html.erb:4
  [1m[36mArticle Load (0.2ms)[0m  [1m[34mSELECT "articles".* FROM "articles"[0m
  ↳ app/views/articles/index.html.erb:4
  Rendered articles/index.html.erb within layouts/application (Duration: 581.7ms | Allocations: 2866)
  Rendered layout layouts/application.html.erb (Duration: 1808.3ms | Allocations: 16925)
Completed 200 OK in 2067ms (Views: 1882.2ms | ActiveRecord: 52.2ms | Allocations: 19104)


Started GET "/articles/1" for ::1 at 2022-03-10 14:31:27 -0300
Processing by ArticlesController#show as HTML
  Parameters: {"id"=>"1"}
  [1m[36mArticle Load (0.2ms)[0m  [1m[34mSELECT "articles".* FROM "articles" WHERE "articles"."id" = ? LIMIT ?[0m  [["id", 1], ["LIMIT", 1]]
  ↳ app/controllers/articles_controller.rb:7:in `show'
  Rendering layout layouts/application.html.erb
  Rendering articles/show.html.erb within layouts/application
  Rendered articles/show.html.erb within layouts/application (Duration: 15.6ms | Allocations: 228)
  Rendered layout layouts/application.html.erb (Duration: 31.8ms | Allocations: 2441)
Completed 200 OK in 135ms (Views: 32.4ms | ActiveRecord: 0.2ms | Allocations: 3915)


Started GET "/articles/new" for ::1 at 2022-03-10 14:31:39 -0300
Processing by ArticlesController#new as HTML
  Rendering layout layouts/application.html.erb
  Rendering articles/new.html.erb within layouts/application
  Rendered articles/new.html.erb within layouts/application (Duration: 1808.2ms | Allocations: 17410)
  Rendered layout layouts/application.html.erb (Duration: 1853.1ms | Allocations: 19572)
Completed 200 OK in 1902ms (Views: 1854.7ms | ActiveRecord: 0.0ms | Allocations: 19965)


Started POST "/articles" for ::1 at 2022-03-10 14:32:11 -0300
Processing by ArticlesController#create as TURBO_STREAM
  Parameters: {"authenticity_token"=>"[FILTERED]", "article"=>{"title"=>"Article 2", "body"=>"body"}, "commit"=>"Create Article"}
  Rendering layout layouts/application.html.erb
  Rendering articles/new.html.erb within layouts/application
  Rendered articles/new.html.erb within layouts/application (Duration: 57.7ms | Allocations: 1790)
  Rendered layout layouts/application.html.erb (Duration: 65.4ms | Allocations: 3923)
Completed 422 Unprocessable Entity in 458ms (Views: 67.4ms | ActiveRecord: 0.0ms | Allocations: 5484)


Started GET "/" for ::1 at 2022-03-10 14:33:09 -0300
Processing by ArticlesController#index as HTML
  Rendering layout layouts/application.html.erb
  Rendering articles/index.html.erb within layouts/application
  [1m[36mArticle Load (0.1ms)[0m  [1m[34mSELECT "articles".* FROM "articles"[0m
  ↳ app/views/articles/index.html.erb:4
  Rendered articles/index.html.erb within layouts/application (Duration: 5.1ms | Allocations: 1117)
  Rendered layout layouts/application.html.erb (Duration: 20.9ms | Allocations: 3880)
Completed 200 OK in 89ms (Views: 88.0ms | ActiveRecord: 0.1ms | Allocations: 5044)


Started GET "/" for ::1 at 2022-03-10 14:40:20 -0300
Processing by ArticlesController#index as HTML
  Rendering layout layouts/application.html.erb
  Rendering articles/index.html.erb within layouts/application
  [1m[35m (0.1ms)[0m  [1m[34mSELECT sqlite_version(*)[0m
  ↳ app/views/articles/index.html.erb:4
  [1m[36mArticle Load (0.4ms)[0m  [1m[34mSELECT "articles".* FROM "articles"[0m
  ↳ app/views/articles/index.html.erb:4
  Rendered articles/index.html.erb within layouts/application (Duration: 22.7ms | Allocations: 2840)
  Rendered layout layouts/application.html.erb (Duration: 271.7ms | Allocations: 16874)
Completed 200 OK in 319ms (Views: 313.9ms | ActiveRecord: 1.0ms | Allocations: 18999)


Started GET "/" for ::1 at 2022-03-10 14:40:56 -0300
Processing by ArticlesController#index as HTML
  Rendering layout layouts/application.html.erb
  Rendering articles/index.html.erb within layouts/application
  [1m[36mArticle Load (0.3ms)[0m  [1m[34mSELECT "articles".* FROM "articles"[0m
  ↳ app/views/articles/index.html.erb:4
  Rendered articles/index.html.erb within layouts/application (Duration: 55.7ms | Allocations: 1115)
  Rendered layout layouts/application.html.erb (Duration: 70.1ms | Allocations: 3883)
Completed 200 OK in 76ms (Views: 74.1ms | ActiveRecord: 0.3ms | Allocations: 5050)


  [1m[35m (2.8ms)[0m  [1m[34mSELECT sqlite_version(*)[0m
  [1m[36mActiveRecord::SchemaMigration Pluck (0.2ms)[0m  [1m[34mSELECT "schema_migrations"."version" FROM "schema_migrations" ORDER BY "schema_migrations"."version" ASC[0m
Migrating to CreateComments (20220310174424)
  [1m[36mTRANSACTION (0.1ms)[0m  [1m[36mbegin transaction[0m
  [1m[35m (0.4ms)[0m  [1m[35mCREATE TABLE "comments" ("id" integer PRIMARY KEY AUTOINCREMENT NOT NULL, "commenter" varchar, "body" text, "article_id" integer NOT NULL, "created_at" datetime(6) NOT NULL, "updated_at" datetime(6) NOT NULL, CONSTRAINT "fk_rails_3bf61a60d3"
FOREIGN KEY ("article_id")
  REFERENCES "articles" ("id")
)[0m
  [1m[35m (0.2ms)[0m  [1m[35mCREATE INDEX "index_comments_on_article_id" ON "comments" ("article_id")[0m
  [1m[36mActiveRecord::SchemaMigration Create (0.3ms)[0m  [1m[32mINSERT INTO "schema_migrations" ("version") VALUES (?)[0m  [["version", "20220310174424"]]
  [1m[36mTRANSACTION (19.4ms)[0m  [1m[36mcommit transaction[0m
  [1m[36mActiveRecord::InternalMetadata Load (0.2ms)[0m  [1m[34mSELECT "ar_internal_metadata".* FROM "ar_internal_metadata" WHERE "ar_internal_metadata"."key" = ? LIMIT ?[0m  [["key", "environment"], ["LIMIT", 1]]
  [1m[35m (0.1ms)[0m  [1m[34mSELECT sqlite_version(*)[0m
  [1m[36mActiveRecord::SchemaMigration Pluck (0.1ms)[0m  [1m[34mSELECT "schema_migrations"."version" FROM "schema_migrations" ORDER BY "schema_migrations"."version" ASC[0m
  [1m[35m (1.0ms)[0m  [1m[34mSELECT sqlite_version(*)[0m
  [1m[36mActiveRecord::SchemaMigration Pluck (0.2ms)[0m  [1m[34mSELECT "schema_migrations"."version" FROM "schema_migrations" ORDER BY "schema_migrations"."version" ASC[0m
Migrating to AddStatusToArticles (20220310180356)
  [1m[36mTRANSACTION (0.1ms)[0m  [1m[36mbegin transaction[0m
  [1m[35m (0.5ms)[0m  [1m[35mALTER TABLE "articles" ADD "status" varchar[0m
  [1m[36mActiveRecord::SchemaMigration Create (0.2ms)[0m  [1m[32mINSERT INTO "schema_migrations" ("version") VALUES (?)[0m  [["version", "20220310180356"]]
  [1m[36mTRANSACTION (54.0ms)[0m  [1m[36mcommit transaction[0m
Migrating to AddStatusToComments (20220310180359)
  [1m[36mTRANSACTION (0.1ms)[0m  [1m[36mbegin transaction[0m
  [1m[35m (0.7ms)[0m  [1m[35mALTER TABLE "comments" ADD "status" varchar[0m
  [1m[36mActiveRecord::SchemaMigration Create (0.3ms)[0m  [1m[32mINSERT INTO "schema_migrations" ("version") VALUES (?)[0m  [["version", "20220310180359"]]
  [1m[36mTRANSACTION (8.1ms)[0m  [1m[36mcommit transaction[0m
  [1m[36mActiveRecord::InternalMetadata Load (0.3ms)[0m  [1m[34mSELECT "ar_internal_metadata".* FROM "ar_internal_metadata" WHERE "ar_internal_metadata"."key" = ? LIMIT ?[0m  [["key", "environment"], ["LIMIT", 1]]
  [1m[35m (0.1ms)[0m  [1m[34mSELECT sqlite_version(*)[0m
  [1m[36mActiveRecord::SchemaMigration Pluck (0.1ms)[0m  [1m[34mSELECT "schema_migrations"."version" FROM "schema_migrations" ORDER BY "schema_migrations"."version" ASC[0m
  [1m[35m (1.0ms)[0m  [1m[34mSELECT sqlite_version(*)[0m
  [1m[36mActiveRecord::SchemaMigration Pluck (0.4ms)[0m  [1m[34mSELECT "schema_migrations"."version" FROM "schema_migrations" ORDER BY "schema_migrations"."version" ASC[0m
  [1m[36mActiveRecord::InternalMetadata Load (0.2ms)[0m  [1m[34mSELECT "ar_internal_metadata".* FROM "ar_internal_metadata" WHERE "ar_internal_metadata"."key" = ? LIMIT ?[0m  [["key", "environment"], ["LIMIT", 1]]
  [1m[35m (0.1ms)[0m  [1m[34mSELECT sqlite_version(*)[0m
  [1m[36mActiveRecord::SchemaMigration Pluck (0.3ms)[0m  [1m[34mSELECT "schema_migrations"."version" FROM "schema_migrations" ORDER BY "schema_migrations"."version" ASC[0m
Started GET "/" for ::1 at 2022-03-10 15:16:56 -0300
  [1m[35m (0.9ms)[0m  [1m[34mSELECT sqlite_version(*)[0m
  [1m[36mActiveRecord::SchemaMigration Pluck (0.3ms)[0m  [1m[34mSELECT "schema_migrations"."version" FROM "schema_migrations" ORDER BY "schema_migrations"."version" ASC[0m
Processing by ArticlesController#index as HTML
  Rendering layout layouts/application.html.erb
  Rendering articles/index.html.erb within layouts/application
  [1m[36mArticle Count (0.2ms)[0m  [1m[34mSELECT COUNT(*) FROM "articles" WHERE "articles"."status" = ?[0m  [["status", "public"]]
  ↳ app/models/concerns/visible.rb:12:in `public_count'
  [1m[36mArticle Load (0.9ms)[0m  [1m[34mSELECT "articles".* FROM "articles"[0m
  ↳ app/views/articles/index.html.erb:6
  Rendered articles/index.html.erb within layouts/application (Duration: 25.4ms | Allocations: 10254)
  Rendered layout layouts/application.html.erb (Duration: 261.4ms | Allocations: 44756)
Completed 200 OK in 364ms (Views: 267.8ms | ActiveRecord: 2.3ms | Allocations: 53992)


Started GET "/" for ::1 at 2022-03-10 15:23:08 -0300
Processing by ArticlesController#index as HTML
  Rendering layout layouts/application.html.erb
  Rendering articles/index.html.erb within layouts/application
  [1m[35m (0.1ms)[0m  [1m[34mSELECT sqlite_version(*)[0m
  ↳ app/models/concerns/visible.rb:12:in `public_count'
  [1m[36mArticle Count (0.2ms)[0m  [1m[34mSELECT COUNT(*) FROM "articles" WHERE "articles"."status" = ?[0m  [["status", "public"]]
  ↳ app/models/concerns/visible.rb:12:in `public_count'
  [1m[36mArticle Load (0.1ms)[0m  [1m[34mSELECT "articles".* FROM "articles"[0m
  ↳ app/views/articles/index.html.erb:6
  Rendered articles/index.html.erb within layouts/application (Duration: 24.0ms | Allocations: 3878)
  Rendered layout layouts/application.html.erb (Duration: 75.8ms | Allocations: 17819)
Completed 200 OK in 112ms (Views: 78.4ms | ActiveRecord: 0.8ms | Allocations: 21146)


Started GET "/articles/new" for ::1 at 2022-03-10 15:23:12 -0300
Processing by ArticlesController#new as HTML
Filter chain halted as #<Proc:0x00007f4b8d795920 /home/eduardo/.rbenv/versions/3.1.0/lib/ruby/gems/3.1.0/gems/actionpack-7.0.2.3/lib/action_controller/metal/http_authentication.rb:74> rendered or redirected
Completed 401 Unauthorized in 1ms (ActiveRecord: 0.0ms | Allocations: 125)


Started GET "/articles/new" for ::1 at 2022-03-10 15:24:23 -0300
Processing by ArticlesController#new as HTML
Filter chain halted as #<Proc:0x00007f4b8d795920 /home/eduardo/.rbenv/versions/3.1.0/lib/ruby/gems/3.1.0/gems/actionpack-7.0.2.3/lib/action_controller/metal/http_authentication.rb:74> rendered or redirected
Completed 401 Unauthorized in 1ms (ActiveRecord: 0.0ms | Allocations: 92)


Started GET "/articles/new" for ::1 at 2022-03-10 15:24:25 -0300
Processing by ArticlesController#new as HTML
Filter chain halted as #<Proc:0x00007f4b8d795920 /home/eduardo/.rbenv/versions/3.1.0/lib/ruby/gems/3.1.0/gems/actionpack-7.0.2.3/lib/action_controller/metal/http_authentication.rb:74> rendered or redirected
Completed 401 Unauthorized in 1ms (ActiveRecord: 0.0ms | Allocations: 91)


Started GET "/" for ::1 at 2022-03-10 15:24:31 -0300
Processing by ArticlesController#index as HTML
  Rendering layout layouts/application.html.erb
  Rendering articles/index.html.erb within layouts/application
  [1m[36mArticle Count (0.3ms)[0m  [1m[34mSELECT COUNT(*) FROM "articles" WHERE "articles"."status" = ?[0m  [["status", "public"]]
  ↳ app/models/concerns/visible.rb:12:in `public_count'
  [1m[36mArticle Load (0.2ms)[0m  [1m[34mSELECT "articles".* FROM "articles"[0m
  ↳ app/views/articles/index.html.erb:6
  Rendered articles/index.html.erb within layouts/application (Duration: 4.6ms | Allocations: 1231)
  Rendered layout layouts/application.html.erb (Duration: 13.1ms | Allocations: 3450)
Completed 200 OK in 15ms (Views: 13.4ms | ActiveRecord: 0.5ms | Allocations: 3756)


Started GET "/articles/1" for ::1 at 2022-03-10 15:24:34 -0300
Processing by ArticlesController#show as HTML
  Parameters: {"id"=>"1"}
  [1m[36mArticle Load (0.2ms)[0m  [1m[34mSELECT "articles".* FROM "articles" WHERE "articles"."id" = ? LIMIT ?[0m  [["id", 1], ["LIMIT", 1]]
  ↳ app/controllers/articles_controller.rb:10:in `show'
  Rendering layout layouts/application.html.erb
  Rendering articles/show.html.erb within layouts/application
  [1m[36mComment Load (12.0ms)[0m  [1m[34mSELECT "comments".* FROM "comments" WHERE "comments"."article_id" = ?[0m  [["article_id", 1]]
  ↳ app/views/articles/show.html.erb:14
  Rendered collection of templates [0 times] (Duration: 0.1ms | Allocations: 31)
  Rendered comments/_form.html.erb (Duration: 284.9ms | Allocations: 10027)
  Rendered articles/show.html.erb within layouts/application (Duration: 468.6ms | Allocations: 32108)
  Rendered layout layouts/application.html.erb (Duration: 472.9ms | Allocations: 34248)
Completed 200 OK in 477ms (Views: 460.9ms | ActiveRecord: 13.1ms | Allocations: 36088)


  [1m[35m (2603.4ms)[0m  [1m[35mCREATE DATABASE "my_database_development" ENCODING = 'utf8'[0m
  [1m[35m (377.6ms)[0m  [1m[35mCREATE DATABASE "my_database_test" ENCODING = 'utf8'[0m
  [1m[35m (46.9ms)[0m  [1m[35mCREATE TABLE "schema_migrations" ("version" character varying NOT NULL PRIMARY KEY)[0m
  [1m[35m (25.3ms)[0m  [1m[35mCREATE TABLE "ar_internal_metadata" ("key" character varying NOT NULL PRIMARY KEY, "value" character varying, "created_at" timestamp(6) NOT NULL, "updated_at" timestamp(6) NOT NULL)[0m
  [1m[35m (11.9ms)[0m  [1m[34mSELECT pg_try_advisory_lock(5168794849566389475)[0m
  [1m[36mActiveRecord::SchemaMigration Pluck (0.7ms)[0m  [1m[34mSELECT "schema_migrations"."version" FROM "schema_migrations" ORDER BY "schema_migrations"."version" ASC[0m
Migrating to CreateArticles (20220310143720)
  [1m[36mTRANSACTION (0.4ms)[0m  [1m[35mBEGIN[0m
  [1m[35m (65.0ms)[0m  [1m[35mCREATE TABLE "articles" ("id" bigserial primary key, "title" character varying, "body" text, "created_at" timestamp(6) NOT NULL, "updated_at" timestamp(6) NOT NULL)[0m
  [1m[36mActiveRecord::SchemaMigration Create (0.7ms)[0m  [1m[32mINSERT INTO "schema_migrations" ("version") VALUES ($1) RETURNING "version"[0m  [["version", "20220310143720"]]
  [1m[36mTRANSACTION (2.8ms)[0m  [1m[35mCOMMIT[0m
Migrating to CreateComments (20220310174424)
  [1m[36mTRANSACTION (0.2ms)[0m  [1m[35mBEGIN[0m
  [1m[35m (14.2ms)[0m  [1m[35mCREATE TABLE "comments" ("id" bigserial primary key, "commenter" character varying, "body" text, "article_id" bigint NOT NULL, "created_at" timestamp(6) NOT NULL, "updated_at" timestamp(6) NOT NULL, CONSTRAINT "fk_rails_3bf61a60d3"
FOREIGN KEY ("article_id")
  REFERENCES "articles" ("id")
)[0m
  [1m[35m (4.2ms)[0m  [1m[35mCREATE INDEX "index_comments_on_article_id" ON "comments" ("article_id")[0m
  [1m[36mActiveRecord::SchemaMigration Create (0.3ms)[0m  [1m[32mINSERT INTO "schema_migrations" ("version") VALUES ($1) RETURNING "version"[0m  [["version", "20220310174424"]]
  [1m[36mTRANSACTION (1.9ms)[0m  [1m[35mCOMMIT[0m
Migrating to AddStatusToArticles (20220310180356)
  [1m[36mTRANSACTION (0.7ms)[0m  [1m[35mBEGIN[0m
  [1m[35m (4.2ms)[0m  [1m[35mALTER TABLE "articles" ADD "status" character varying[0m
  [1m[36mActiveRecord::SchemaMigration Create (0.4ms)[0m  [1m[32mINSERT INTO "schema_migrations" ("version") VALUES ($1) RETURNING "version"[0m  [["version", "20220310180356"]]
  [1m[36mTRANSACTION (1.7ms)[0m  [1m[35mCOMMIT[0m
Migrating to AddStatusToComments (20220310180359)
  [1m[36mTRANSACTION (0.2ms)[0m  [1m[35mBEGIN[0m
  [1m[35m (0.4ms)[0m  [1m[35mALTER TABLE "comments" ADD "status" character varying[0m
  [1m[36mActiveRecord::SchemaMigration Create (0.2ms)[0m  [1m[32mINSERT INTO "schema_migrations" ("version") VALUES ($1) RETURNING "version"[0m  [["version", "20220310180359"]]
  [1m[36mTRANSACTION (5.1ms)[0m  [1m[35mCOMMIT[0m
  [1m[36mActiveRecord::InternalMetadata Load (0.5ms)[0m  [1m[34mSELECT "ar_internal_metadata".* FROM "ar_internal_metadata" WHERE "ar_internal_metadata"."key" = $1 LIMIT $2[0m  [["key", "environment"], ["LIMIT", 1]]
  [1m[36mTRANSACTION (0.4ms)[0m  [1m[35mBEGIN[0m
  [1m[36mActiveRecord::InternalMetadata Create (0.6ms)[0m  [1m[32mINSERT INTO "ar_internal_metadata" ("key", "value", "created_at", "updated_at") VALUES ($1, $2, $3, $4) RETURNING "key"[0m  [["key", "environment"], ["value", "development"], ["created_at", "2022-03-14 12:01:04.194743"], ["updated_at", "2022-03-14 12:01:04.194743"]]
  [1m[36mTRANSACTION (2.6ms)[0m  [1m[35mCOMMIT[0m
  [1m[35m (0.5ms)[0m  [1m[34mSELECT pg_advisory_unlock(5168794849566389475)[0m
  [1m[36mActiveRecord::SchemaMigration Pluck (1.1ms)[0m  [1m[34mSELECT "schema_migrations"."version" FROM "schema_migrations" ORDER BY "schema_migrations"."version" ASC[0m
